<?xml version="1.0" encoding="UTF-8"?>
<!-- Generated by org.testng.reporters.JUnitXMLReporter -->
<testsuite ignored="0" hostname="LAPTOP-4D2RRNG8" failures="0" tests="4" name="Default test" time="145.551" errors="0" timestamp="2022-01-20T16:36:29 IST">
  <testcase classname="loginTc_Jxl.Login_Jxl" name="loginCredential" time="30.57"/>
  <testcase classname="loginTc_Jxl.Login_Jxl" name="loginCredential" time="13.707"/>
  <testcase classname="loginTc_Jxl.Login_Jxl" name="loginCredential" time="11.684"/>
  <testcase classname="loginTc_Jxl.Login_Jxl" name="loginCredential" time="14.318"/>
</testsuite> <!-- Default test -->
