<?xml version="1.0" encoding="UTF-8"?>
<testng-results ignored="0" total="4" passed="4" failed="0" skipped="0">
  <reporter-output>
  </reporter-output>
  <suite started-at="2022-01-20T16:34:02 IST" name="Default suite" finished-at="2022-01-20T16:36:28 IST" duration-ms="145551">
    <groups>
    </groups>
    <test started-at="2022-01-20T16:34:02 IST" name="Default test" finished-at="2022-01-20T16:36:28 IST" duration-ms="145551">
      <class name="loginTc_Jxl.Login_Jxl">
        <test-method is-config="true" signature="setUp()[pri:0, instance:loginTc_Jxl.Login_Jxl@2df9b86]" started-at="2022-01-20T16:34:02 IST" name="setUp" finished-at="2022-01-20T16:35:12 IST" duration-ms="69184" status="PASS">
          <reporter-output>
          </reporter-output>
        </test-method> <!-- setUp -->
        <test-method signature="loginCredential(java.lang.String, java.lang.String)[pri:0, instance:loginTc_Jxl.Login_Jxl@2df9b86]" started-at="2022-01-20T16:35:12 IST" name="loginCredential" data-provider="loginData" finished-at="2022-01-20T16:35:43 IST" duration-ms="30570" status="PASS">
          <params>
            <param index="0">
              <value>
                <![CDATA[zazpcom]]>
              </value>
            </param>
            <param index="1">
              <value>
                <![CDATA[admin]]>
              </value>
            </param>
          </params>
          <reporter-output>
          </reporter-output>
        </test-method> <!-- loginCredential -->
        <test-method signature="loginCredential(java.lang.String, java.lang.String)[pri:0, instance:loginTc_Jxl.Login_Jxl@2df9b86]" started-at="2022-01-20T16:35:43 IST" name="loginCredential" data-provider="loginData" finished-at="2022-01-20T16:35:57 IST" duration-ms="13707" status="PASS">
          <params>
            <param index="0">
              <value>
                <![CDATA[zapcom]]>
              </value>
            </param>
            <param index="1">
              <value>
                <![CDATA[admin]]>
              </value>
            </param>
          </params>
          <reporter-output>
          </reporter-output>
        </test-method> <!-- loginCredential -->
        <test-method signature="loginCredential(java.lang.String, java.lang.String)[pri:0, instance:loginTc_Jxl.Login_Jxl@2df9b86]" started-at="2022-01-20T16:35:57 IST" name="loginCredential" data-provider="loginData" finished-at="2022-01-20T16:36:08 IST" duration-ms="11684" status="PASS">
          <params>
            <param index="0">
              <value>
                <![CDATA[zapcoms]]>
              </value>
            </param>
            <param index="1">
              <value>
                <![CDATA[Admin]]>
              </value>
            </param>
          </params>
          <reporter-output>
          </reporter-output>
        </test-method> <!-- loginCredential -->
        <test-method signature="loginCredential(java.lang.String, java.lang.String)[pri:0, instance:loginTc_Jxl.Login_Jxl@2df9b86]" started-at="2022-01-20T16:36:08 IST" name="loginCredential" data-provider="loginData" finished-at="2022-01-20T16:36:23 IST" duration-ms="14318" status="PASS">
          <params>
            <param index="0">
              <value>
                <![CDATA[zapcomsantha]]>
              </value>
            </param>
            <param index="1">
              <value>
                <![CDATA[admin@123]]>
              </value>
            </param>
          </params>
          <reporter-output>
          </reporter-output>
        </test-method> <!-- loginCredential -->
        <test-method is-config="true" signature="afterTest()[pri:0, instance:loginTc_Jxl.Login_Jxl@2df9b86]" started-at="2022-01-20T16:36:23 IST" name="afterTest" finished-at="2022-01-20T16:36:28 IST" duration-ms="5163" status="PASS">
          <reporter-output>
          </reporter-output>
        </test-method> <!-- afterTest -->
      </class> <!-- loginTc_Jxl.Login_Jxl -->
    </test> <!-- Default test -->
  </suite> <!-- Default suite -->
</testng-results>
