<?xml version="1.0" encoding="UTF-8"?>
<!-- Generated by org.testng.reporters.JUnitXMLReporter -->
<testsuite ignored="0" hostname="LAPTOP-4D2RRNG8" failures="0" tests="4" name="Login To Application" time="46.809" errors="0" timestamp="2022-01-18T17:17:46 IST">
  <testcase classname="loginTc_Jxl.Login_Jxl" name="loginCredential" time="13.664"/>
  <testcase classname="loginTc_Jxl.Login_Jxl" name="loginCredential" time="1.39"/>
  <testcase classname="loginTc_Jxl.Login_Jxl" name="loginCredential" time="1.845"/>
  <testcase classname="loginTc_Jxl.Login_Jxl" name="loginCredential" time="4.894"/>
</testsuite> <!-- Login To Application -->
